# JRE version: OpenJDK Runtime Environment Temurin-21.0.9+10 (21.0.9+10) (build 21.0.9+10-LTS)
# Java VM: OpenJDK 64-Bit Server VM Temurin-21.0.9+10 (21.0.9+10-LTS, mixed mode, sharing, tiered, compressed oops, compressed class ptrs, g1 gc, windows-amd64)
GC Precious Log:
 CardTable entry size: 512
 Card Set container configuration: InlinePtr #cards 4 size 8 Array Of Cards #cards 16 size 48 Howl #buckets 8 coarsen threshold 3686 Howl Bitmap #cards 512 size 80 coarsen threshold 460 Card regions per heap region 1 cards per card region 4096
 CPUs: 8 total, 8 available
 Memory: 15799M
 Large Page Support: Disabled
 NUMA Support: Disabled
 Compressed Oops: Enabled (Zero based)
 Heap Region Size: 2M
 Heap Min Capacity: 8M
 Heap Initial Capacity: 248M
 Heap Max Capacity: 3950M
 Pre-touch: Disabled
 Parallel Workers: 8
 Concurrent Workers: 2
 Concurrent Refinement Workers: 8
 Periodic GC: Disabled
Heap:
 garbage-first heap   total 350208K, used 152557K [0x0000000709200000, 0x0000000800000000)
  region size 2048K, 37 young (75776K), 13 survivors (26624K)
 Metaspace       used 39475K, committed 40064K, reserved 1114112K
  class space    used 4302K, committed 4608K, reserved 1048576K
GC Heap History (20 events):
Event: 7.895 GC heap before
{Heap before GC invocations=9 (full 0):
 garbage-first heap   total 129024K, used 109236K [0x0000000709200000, 0x0000000800000000)
  region size 2048K, 27 young (55296K), 2 survivors (4096K)
 Metaspace       used 30991K, committed 31424K, reserved 1114112K
  class space    used 3449K, committed 3648K, reserved 1048576K
}
Event: 7.909 GC heap after
{Heap after GC invocations=10 (full 0):
 garbage-first heap   total 163840K, used 61431K [0x0000000709200000, 0x0000000800000000)
  region size 2048K, 4 young (8192K), 4 survivors (8192K)
 Metaspace       used 30991K, committed 31424K, reserved 1114112K
  class space    used 3449K, committed 3648K, reserved 1048576K
}
Event: 8.359 GC heap before
{Heap before GC invocations=10 (full 0):
 garbage-first heap   total 163840K, used 137207K [0x0000000709200000, 0x0000000800000000)
  region size 2048K, 41 young (83968K), 4 survivors (8192K)
 Metaspace       used 31168K, committed 31616K, reserved 1114112K
  class space    used 3471K, committed 3648K, reserved 1048576K
}
Event: 8.376 GC heap after
{Heap after GC invocations=11 (full 0):
 garbage-first heap   total 163840K, used 64168K [0x0000000709200000, 0x0000000800000000)
  region size 2048K, 4 young (8192K), 4 survivors (8192K)
 Metaspace       used 31168K, committed 31616K, reserved 1114112K
  class space    used 3471K, committed 3648K, reserved 1048576K
}
Event: 8.721 GC heap before
{Heap before GC invocations=11 (full 0):
 garbage-first heap   total 163840K, used 141992K [0x0000000709200000, 0x0000000800000000)
  region size 2048K, 42 young (86016K), 4 survivors (8192K)
 Metaspace       used 31234K, committed 31744K, reserved 1114112K
  class space    used 3476K, committed 3712K, reserved 1048576K
}
Event: 8.743 GC heap after
{Heap after GC invocations=12 (full 0):
 garbage-first heap   total 163840K, used 68382K [0x0000000709200000, 0x0000000800000000)
  region size 2048K, 5 young (10240K), 5 survivors (10240K)
 Metaspace       used 31234K, committed 31744K, reserved 1114112K
  class space    used 3476K, committed 3712K, reserved 1048576K
}
Event: 9.023 GC heap before
{Heap before GC invocations=12 (full 0):
 garbage-first heap   total 163840K, used 144158K [0x0000000709200000, 0x0000000800000000)
  region size 2048K, 42 young (86016K), 5 survivors (10240K)
 Metaspace       used 31310K, committed 31808K, reserved 1114112K
  class space    used 3479K, committed 3712K, reserved 1048576K
}
Event: 9.045 GC heap after
{Heap after GC invocations=13 (full 0):
 garbage-first heap   total 163840K, used 72413K [0x0000000709200000, 0x0000000800000000)
  region size 2048K, 5 young (10240K), 5 survivors (10240K)
 Metaspace       used 31310K, committed 31808K, reserved 1114112K
  class space    used 3479K, committed 3712K, reserved 1048576K
}
Event: 9.223 GC heap before
{Heap before GC invocations=13 (full 0):
 garbage-first heap   total 163840K, used 144093K [0x0000000709200000, 0x0000000800000000)
  region size 2048K, 40 young (81920K), 5 survivors (10240K)
 Metaspace       used 31319K, committed 31808K, reserved 1114112K
  class space    used 3480K, committed 3712K, reserved 1048576K
}
Event: 9.243 GC heap after
{Heap after GC invocations=14 (full 0):
 garbage-first heap   total 249856K, used 74083K [0x0000000709200000, 0x0000000800000000)
  region size 2048K, 3 young (6144K), 3 survivors (6144K)
 Metaspace       used 31319K, committed 31808K, reserved 1114112K
  class space    used 3480K, committed 3712K, reserved 1048576K
}
Event: 9.910 GC heap before
{Heap before GC invocations=14 (full 0):
 garbage-first heap   total 249856K, used 217443K [0x0000000709200000, 0x0000000800000000)
  region size 2048K, 73 young (149504K), 3 survivors (6144K)
 Metaspace       used 31470K, committed 31936K, reserved 1114112K
  class space    used 3483K, committed 3712K, reserved 1048576K
}
Event: 9.923 GC heap after
{Heap after GC invocations=15 (full 0):
 garbage-first heap   total 249856K, used 76595K [0x0000000709200000, 0x0000000800000000)
  region size 2048K, 4 young (8192K), 4 survivors (8192K)
 Metaspace       used 31470K, committed 31936K, reserved 1114112K
  class space    used 3483K, committed 3712K, reserved 1048576K
}
Event: 10.343 GC heap before
{Heap before GC invocations=15 (full 0):
 garbage-first heap   total 249856K, used 217907K [0x0000000709200000, 0x0000000800000000)
  region size 2048K, 73 young (149504K), 4 survivors (8192K)
 Metaspace       used 31510K, committed 32000K, reserved 1114112K
  class space    used 3483K, committed 3712K, reserved 1048576K
}
Event: 10.357 GC heap after
{Heap after GC invocations=16 (full 0):
 garbage-first heap   total 249856K, used 75993K [0x0000000709200000, 0x0000000800000000)
  region size 2048K, 4 young (8192K), 4 survivors (8192K)
 Metaspace       used 31510K, committed 32000K, reserved 1114112K
  class space    used 3483K, committed 3712K, reserved 1048576K
}
Event: 12.125 GC heap before
{Heap before GC invocations=16 (full 0):
 garbage-first heap   total 249856K, used 217305K [0x0000000709200000, 0x0000000800000000)
  region size 2048K, 73 young (149504K), 4 survivors (8192K)
 Metaspace       used 33938K, committed 34560K, reserved 1114112K
  class space    used 3743K, committed 4032K, reserved 1048576K
}
Event: 12.146 GC heap after
{Heap after GC invocations=17 (full 0):
 garbage-first heap   total 249856K, used 78931K [0x0000000709200000, 0x0000000800000000)
  region size 2048K, 6 young (12288K), 6 survivors (12288K)
 Metaspace       used 33938K, committed 34560K, reserved 1114112K
  class space    used 3743K, committed 4032K, reserved 1048576K
}
Event: 14.194 GC heap before
{Heap before GC invocations=17 (full 0):
 garbage-first heap   total 249856K, used 216147K [0x0000000709200000, 0x0000000800000000)
  region size 2048K, 73 young (149504K), 6 survivors (12288K)
 Metaspace       used 34699K, committed 35328K, reserved 1114112K
  class space    used 3778K, committed 4096K, reserved 1048576K
}
Event: 14.219 GC heap after
{Heap after GC invocations=18 (full 0):
 garbage-first heap   total 350208K, used 83105K [0x0000000709200000, 0x0000000800000000)
  region size 2048K, 8 young (16384K), 8 survivors (16384K)
 Metaspace       used 34699K, committed 35328K, reserved 1114112K
  class space    used 3778K, committed 4096K, reserved 1048576K
}
Event: 15.895 GC heap before
{Heap before GC invocations=18 (full 0):
 garbage-first heap   total 350208K, used 201889K [0x0000000709200000, 0x0000000800000000)
  region size 2048K, 66 young (135168K), 8 survivors (16384K)
 Metaspace       used 35872K, committed 36416K, reserved 1114112K
  class space    used 3909K, committed 4224K, reserved 1048576K
}
Event: 15.919 GC heap after
{Heap after GC invocations=19 (full 0):
 garbage-first heap   total 350208K, used 107501K [0x0000000709200000, 0x0000000800000000)
  region size 2048K, 13 young (26624K), 13 survivors (26624K)
 Metaspace       used 35872K, committed 36416K, reserved 1114112K
  class space    used 3909K, committed 4224K, reserved 1048576K
}

