# JRE version: OpenJDK Runtime Environment Temurin-21.0.9+10 (21.0.9+10) (build 21.0.9+10-LTS)
# Java VM: OpenJDK 64-Bit Server VM Temurin-21.0.9+10 (21.0.9+10-LTS, mixed mode, emulated-client, sharing, tiered, compressed oops, compressed class ptrs, g1 gc, windows-amd64)
GC Precious Log:
 CardTable entry size: 512
 Card Set container configuration: InlinePtr #cards 4 size 8 Array Of Cards #cards 16 size 48 Howl #buckets 8 coarsen threshold 3686 Howl Bitmap #cards 512 size 80 coarsen threshold 460 Card regions per heap region 1 cards per card region 4096
 CPUs: 8 total, 8 available
 Memory: 15799M
 Large Page Support: Disabled
 NUMA Support: Disabled
 Compressed Oops: Enabled (Zero based)
 Heap Region Size: 2M
 Heap Min Capacity: 8M
 Heap Initial Capacity: 248M
 Heap Max Capacity: 3950M
 Pre-touch: Disabled
 Parallel Workers: 8
 Concurrent Workers: 2
 Concurrent Refinement Workers: 8
 Periodic GC: Disabled
Heap:
 garbage-first heap   total 139264K, used 79347K [0x0000000709200000, 0x0000000800000000)
  region size 2048K, 12 young (24576K), 4 survivors (8192K)
 Metaspace       used 108433K, committed 109248K, reserved 1179648K
  class space    used 15111K, committed 15488K, reserved 1048576K
GC Heap History (20 events):
Event: 55.580 GC heap before
{Heap before GC invocations=28 (full 0):
 garbage-first heap   total 139264K, used 119326K [0x0000000709200000, 0x0000000800000000)
  region size 2048K, 30 young (61440K), 4 survivors (8192K)
 Metaspace       used 104544K, committed 105536K, reserved 1179648K
  class space    used 14791K, committed 15232K, reserved 1048576K
}
Event: 55.587 GC heap after
{Heap after GC invocations=29 (full 0):
 garbage-first heap   total 139264K, used 69801K [0x0000000709200000, 0x0000000800000000)
  region size 2048K, 4 young (8192K), 4 survivors (8192K)
 Metaspace       used 104544K, committed 105536K, reserved 1179648K
  class space    used 14791K, committed 15232K, reserved 1048576K
}
Event: 59.968 GC heap before
{Heap before GC invocations=29 (full 0):
 garbage-first heap   total 139264K, used 75945K [0x0000000709200000, 0x0000000800000000)
  region size 2048K, 9 young (18432K), 4 survivors (8192K)
 Metaspace       used 104555K, committed 105536K, reserved 1179648K
  class space    used 14795K, committed 15232K, reserved 1048576K
}
Event: 59.973 GC heap after
{Heap after GC invocations=30 (full 0):
 garbage-first heap   total 139264K, used 69884K [0x0000000709200000, 0x0000000800000000)
  region size 2048K, 2 young (4096K), 2 survivors (4096K)
 Metaspace       used 104555K, committed 105536K, reserved 1179648K
  class space    used 14795K, committed 15232K, reserved 1048576K
}
Event: 202.432 GC heap before
{Heap before GC invocations=31 (full 0):
 garbage-first heap   total 139264K, used 125180K [0x0000000709200000, 0x0000000800000000)
  region size 2048K, 29 young (59392K), 2 survivors (4096K)
 Metaspace       used 104627K, committed 105664K, reserved 1179648K
  class space    used 14815K, committed 15296K, reserved 1048576K
}
Event: 202.435 GC heap after
{Heap after GC invocations=32 (full 0):
 garbage-first heap   total 139264K, used 69570K [0x0000000709200000, 0x0000000800000000)
  region size 2048K, 2 young (4096K), 2 survivors (4096K)
 Metaspace       used 104627K, committed 105664K, reserved 1179648K
  class space    used 14815K, committed 15296K, reserved 1048576K
}
Event: 377.208 GC heap before
{Heap before GC invocations=32 (full 0):
 garbage-first heap   total 139264K, used 126914K [0x0000000709200000, 0x0000000800000000)
  region size 2048K, 30 young (61440K), 2 survivors (4096K)
 Metaspace       used 104627K, committed 105664K, reserved 1179648K
  class space    used 14815K, committed 15296K, reserved 1048576K
}
Event: 377.212 GC heap after
{Heap after GC invocations=33 (full 0):
 garbage-first heap   total 139264K, used 67777K [0x0000000709200000, 0x0000000800000000)
  region size 2048K, 2 young (4096K), 2 survivors (4096K)
 Metaspace       used 104627K, committed 105664K, reserved 1179648K
  class space    used 14815K, committed 15296K, reserved 1048576K
}
Event: 421.961 GC heap before
{Heap before GC invocations=33 (full 0):
 garbage-first heap   total 139264K, used 84161K [0x0000000709200000, 0x0000000800000000)
  region size 2048K, 11 young (22528K), 2 survivors (4096K)
 Metaspace       used 104732K, committed 105728K, reserved 1179648K
  class space    used 14844K, committed 15296K, reserved 1048576K
}
Event: 422.026 GC heap after
{Heap after GC invocations=34 (full 1):
 garbage-first heap   total 139264K, used 49349K [0x0000000709200000, 0x0000000800000000)
  region size 2048K, 0 young (0K), 0 survivors (0K)
 Metaspace       used 104130K, committed 105728K, reserved 1179648K
  class space    used 14686K, committed 15296K, reserved 1048576K
}
Event: 428.767 GC heap before
{Heap before GC invocations=34 (full 1):
 garbage-first heap   total 139264K, used 121029K [0x0000000709200000, 0x0000000800000000)
  region size 2048K, 36 young (73728K), 0 survivors (0K)
 Metaspace       used 105196K, committed 106240K, reserved 1179648K
  class space    used 14797K, committed 15296K, reserved 1048576K
}
Event: 428.772 GC heap after
{Heap after GC invocations=35 (full 1):
 garbage-first heap   total 139264K, used 54375K [0x0000000709200000, 0x0000000800000000)
  region size 2048K, 3 young (6144K), 3 survivors (6144K)
 Metaspace       used 105196K, committed 106240K, reserved 1179648K
  class space    used 14797K, committed 15296K, reserved 1048576K
}
Event: 474.355 GC heap before
{Heap before GC invocations=36 (full 1):
 garbage-first heap   total 139264K, used 121959K [0x0000000709200000, 0x0000000800000000)
  region size 2048K, 36 young (73728K), 3 survivors (6144K)
 Metaspace       used 105808K, committed 106688K, reserved 1179648K
  class space    used 14847K, committed 15296K, reserved 1048576K
}
Event: 474.358 GC heap after
{Heap after GC invocations=37 (full 1):
 garbage-first heap   total 139264K, used 51292K [0x0000000709200000, 0x0000000800000000)
  region size 2048K, 1 young (2048K), 1 survivors (2048K)
 Metaspace       used 105808K, committed 106688K, reserved 1179648K
  class space    used 14847K, committed 15296K, reserved 1048576K
}
Event: 479.425 GC heap before
{Heap before GC invocations=37 (full 1):
 garbage-first heap   total 139264K, used 122972K [0x0000000709200000, 0x0000000800000000)
  region size 2048K, 36 young (73728K), 1 survivors (2048K)
 Metaspace       used 106768K, committed 107520K, reserved 1179648K
  class space    used 14956K, committed 15296K, reserved 1048576K
}
Event: 479.432 GC heap after
{Heap after GC invocations=38 (full 1):
 garbage-first heap   total 139264K, used 57442K [0x0000000709200000, 0x0000000800000000)
  region size 2048K, 4 young (8192K), 4 survivors (8192K)
 Metaspace       used 106768K, committed 107520K, reserved 1179648K
  class space    used 14956K, committed 15296K, reserved 1048576K
}
Event: 480.458 GC heap before
{Heap before GC invocations=38 (full 1):
 garbage-first heap   total 139264K, used 112738K [0x0000000709200000, 0x0000000800000000)
  region size 2048K, 33 young (67584K), 4 survivors (8192K)
 Metaspace       used 107211K, committed 108032K, reserved 1179648K
  class space    used 15030K, committed 15424K, reserved 1048576K
}
Event: 480.467 GC heap after
{Heap after GC invocations=39 (full 1):
 garbage-first heap   total 139264K, used 61249K [0x0000000709200000, 0x0000000800000000)
  region size 2048K, 2 young (4096K), 2 survivors (4096K)
 Metaspace       used 107211K, committed 108032K, reserved 1179648K
  class space    used 15030K, committed 15424K, reserved 1048576K
}
Event: 481.998 GC heap before
{Heap before GC invocations=40 (full 1):
 garbage-first heap   total 139264K, used 122689K [0x0000000709200000, 0x0000000800000000)
  region size 2048K, 32 young (65536K), 2 survivors (4096K)
 Metaspace       used 108036K, committed 108928K, reserved 1179648K
  class space    used 15083K, committed 15488K, reserved 1048576K
}
Event: 482.005 GC heap after
{Heap after GC invocations=41 (full 1):
 garbage-first heap   total 139264K, used 65011K [0x0000000709200000, 0x0000000800000000)
  region size 2048K, 4 young (8192K), 4 survivors (8192K)
 Metaspace       used 108036K, committed 108928K, reserved 1179648K
  class space    used 15083K, committed 15488K, reserved 1048576K
}

